{"C:\\Users\\Johan\\Top-22v\\Assesment_BackEnd\\src\\app.js": {"path":"C:\\Users\\Johan\\Top-22v\\Assesment_BackEnd\\src\\app.js","statementMap":{"0":{"start":{"line":1,"column":0},"end":{"line":1,"column":27}},"1":{"start":{"line":2,"column":16},"end":{"line":2,"column":34}},"2":{"start":{"line":3,"column":13},"end":{"line":3,"column":28}},"3":{"start":{"line":4,"column":15},"end":{"line":4,"column":32}},"4":{"start":{"line":5,"column":19},"end":{"line":5,"column":43}},"5":{"start":{"line":6,"column":19},"end":{"line":6,"column":43}},"6":{"start":{"line":7,"column":18},"end":{"line":7,"column":41}},"7":{"start":{"line":9,"column":12},"end":{"line":9,"column":21}},"8":{"start":{"line":11,"column":0},"end":{"line":11,"column":24}},"9":{"start":{"line":12,"column":0},"end":{"line":12,"column":16}},"10":{"start":{"line":13,"column":0},"end":{"line":13,"column":23}},"11":{"start":{"line":15,"column":0},"end":{"line":15,"column":30}},"12":{"start":{"line":16,"column":0},"end":{"line":16,"column":30}},"13":{"start":{"line":17,"column":0},"end":{"line":17,"column":28}},"14":{"start":{"line":19,"column":0},"end":{"line":19,"column":21}}},"fnMap":{},"branchMap":{},"s":{"0":3,"1":3,"2":3,"3":3,"4":3,"5":3,"6":3,"7":3,"8":3,"9":3,"10":3,"11":3,"12":3,"13":3,"14":3},"f":{},"b":{},"_coverageSchema":"1a1c01bbd47fc00a2c39e90264f33305004495a9","hash":"940067ceb4d7a1f9bd9b9a6b7e554ecf50df175f"}
,"C:\\Users\\Johan\\Top-22v\\Assesment_BackEnd\\src\\db.js": {"path":"C:\\Users\\Johan\\Top-22v\\Assesment_BackEnd\\src\\db.js","statementMap":{"0":{"start":{"line":1,"column":17},"end":{"line":1,"column":36}},"1":{"start":{"line":5,"column":16},"end":{"line":24,"column":1}},"2":{"start":{"line":6,"column":2},"end":{"line":6,"column":25}},"3":{"start":{"line":6,"column":18},"end":{"line":6,"column":25}},"4":{"start":{"line":8,"column":14},"end":{"line":8,"column":35}},"5":{"start":{"line":10,"column":18},"end":{"line":13,"column":3}},"6":{"start":{"line":15,"column":2},"end":{"line":15,"column":35}},"7":{"start":{"line":17,"column":2},"end":{"line":19,"column":4}},"8":{"start":{"line":18,"column":4},"end":{"line":18,"column":54}},"9":{"start":{"line":20,"column":2},"end":{"line":20,"column":79}},"10":{"start":{"line":20,"column":38},"end":{"line":20,"column":77}},"11":{"start":{"line":21,"column":2},"end":{"line":21,"column":76}},"12":{"start":{"line":21,"column":34},"end":{"line":21,"column":74}},"13":{"start":{"line":23,"column":2},"end":{"line":23,"column":39}},"14":{"start":{"line":27,"column":2},"end":{"line":27,"column":26}},"15":{"start":{"line":27,"column":19},"end":{"line":27,"column":26}},"16":{"start":{"line":29,"column":2},"end":{"line":29,"column":30}},"17":{"start":{"line":33,"column":2},"end":{"line":35,"column":3}},"18":{"start":{"line":34,"column":4},"end":{"line":34,"column":60}},"19":{"start":{"line":38,"column":0},"end":{"line":38,"column":52}}},"fnMap":{"0":{"name":"(anonymous_0)","decl":{"start":{"line":5,"column":16},"end":{"line":5,"column":17}},"loc":{"start":{"line":5,"column":28},"end":{"line":24,"column":1}},"line":5},"1":{"name":"(anonymous_1)","decl":{"start":{"line":17,"column":26},"end":{"line":17,"column":27}},"loc":{"start":{"line":18,"column":4},"end":{"line":18,"column":54}},"line":18},"2":{"name":"(anonymous_2)","decl":{"start":{"line":20,"column":32},"end":{"line":20,"column":33}},"loc":{"start":{"line":20,"column":38},"end":{"line":20,"column":77}},"line":20},"3":{"name":"(anonymous_3)","decl":{"start":{"line":21,"column":25},"end":{"line":21,"column":26}},"loc":{"start":{"line":21,"column":34},"end":{"line":21,"column":74}},"line":21},"4":{"name":"disconnected","decl":{"start":{"line":26,"column":15},"end":{"line":26,"column":27}},"loc":{"start":{"line":26,"column":30},"end":{"line":30,"column":1}},"line":26},"5":{"name":"cleanup","decl":{"start":{"line":32,"column":15},"end":{"line":32,"column":22}},"loc":{"start":{"line":32,"column":25},"end":{"line":36,"column":1}},"line":32}},"branchMap":{"0":{"loc":{"start":{"line":6,"column":2},"end":{"line":6,"column":25}},"type":"if","locations":[{"start":{"line":6,"column":2},"end":{"line":6,"column":25}},{"start":{},"end":{}}],"line":6},"1":{"loc":{"start":{"line":27,"column":2},"end":{"line":27,"column":26}},"type":"if","locations":[{"start":{"line":27,"column":2},"end":{"line":27,"column":26}},{"start":{},"end":{}}],"line":27}},"s":{"0":3,"1":3,"2":3,"3":0,"4":3,"5":3,"6":3,"7":3,"8":3,"9":3,"10":3,"11":3,"12":0,"13":3,"14":3,"15":0,"16":3,"17":13,"18":39,"19":3},"f":{"0":3,"1":3,"2":3,"3":0,"4":3,"5":13},"b":{"0":[0,3],"1":[0,3]},"_coverageSchema":"1a1c01bbd47fc00a2c39e90264f33305004495a9","hash":"2442f2f0fe5ebbd8254360d5c8179737fb41ef80"}
,"C:\\Users\\Johan\\Top-22v\\Assesment_BackEnd\\src\\controller\\fav.controller.js": {"path":"C:\\Users\\Johan\\Top-22v\\Assesment_BackEnd\\src\\controller\\fav.controller.js","statementMap":{"0":{"start":{"line":1,"column":12},"end":{"line":1,"column":41}},"1":{"start":{"line":2,"column":13},"end":{"line":2,"column":43}},"2":{"start":{"line":4,"column":0},"end":{"line":20,"column":2}},"3":{"start":{"line":6,"column":4},"end":{"line":18,"column":5}},"4":{"start":{"line":7,"column":25},"end":{"line":7,"column":35}},"5":{"start":{"line":8,"column":19},"end":{"line":8,"column":46}},"6":{"start":{"line":9,"column":6},"end":{"line":11,"column":7}},"7":{"start":{"line":10,"column":8},"end":{"line":10,"column":42}},"8":{"start":{"line":12,"column":18},"end":{"line":12,"column":65}},"9":{"start":{"line":13,"column":6},"end":{"line":13,"column":26}},"10":{"start":{"line":14,"column":6},"end":{"line":14,"column":53}},"11":{"start":{"line":15,"column":6},"end":{"line":15,"column":66}},"12":{"start":{"line":17,"column":6},"end":{"line":17,"column":65}}},"fnMap":{"0":{"name":"(anonymous_0)","decl":{"start":{"line":5,"column":2},"end":{"line":5,"column":3}},"loc":{"start":{"line":5,"column":25},"end":{"line":19,"column":3}},"line":5}},"branchMap":{"0":{"loc":{"start":{"line":9,"column":6},"end":{"line":11,"column":7}},"type":"if","locations":[{"start":{"line":9,"column":6},"end":{"line":11,"column":7}},{"start":{},"end":{}}],"line":9}},"s":{"0":3,"1":3,"2":3,"3":1,"4":1,"5":1,"6":1,"7":0,"8":1,"9":1,"10":1,"11":1,"12":0},"f":{"0":1},"b":{"0":[0,1]},"_coverageSchema":"1a1c01bbd47fc00a2c39e90264f33305004495a9","hash":"b55b504884c778350d9df82cc36eca02931fe870"}
,"C:\\Users\\Johan\\Top-22v\\Assesment_BackEnd\\src\\controller\\list.controller.js": {"path":"C:\\Users\\Johan\\Top-22v\\Assesment_BackEnd\\src\\controller\\list.controller.js","statementMap":{"0":{"start":{"line":1,"column":13},"end":{"line":1,"column":43}},"1":{"start":{"line":2,"column":13},"end":{"line":2,"column":43}},"2":{"start":{"line":4,"column":0},"end":{"line":46,"column":2}},"3":{"start":{"line":6,"column":4},"end":{"line":12,"column":5}},"4":{"start":{"line":7,"column":21},"end":{"line":7,"column":29}},"5":{"start":{"line":8,"column":20},"end":{"line":8,"column":53}},"6":{"start":{"line":9,"column":6},"end":{"line":9,"column":68}},"7":{"start":{"line":11,"column":6},"end":{"line":11,"column":59}},"8":{"start":{"line":15,"column":4},"end":{"line":21,"column":5}},"9":{"start":{"line":16,"column":25},"end":{"line":16,"column":35}},"10":{"start":{"line":17,"column":19},"end":{"line":17,"column":46}},"11":{"start":{"line":18,"column":6},"end":{"line":18,"column":66}},"12":{"start":{"line":20,"column":6},"end":{"line":20,"column":58}},"13":{"start":{"line":24,"column":4},"end":{"line":33,"column":5}},"14":{"start":{"line":25,"column":21},"end":{"line":25,"column":29}},"15":{"start":{"line":26,"column":19},"end":{"line":26,"column":67}},"16":{"start":{"line":27,"column":19},"end":{"line":27,"column":46}},"17":{"start":{"line":28,"column":6},"end":{"line":28,"column":28}},"18":{"start":{"line":29,"column":6},"end":{"line":29,"column":47}},"19":{"start":{"line":30,"column":6},"end":{"line":30,"column":68}},"20":{"start":{"line":32,"column":6},"end":{"line":32,"column":80}},"21":{"start":{"line":36,"column":4},"end":{"line":44,"column":5}},"22":{"start":{"line":37,"column":25},"end":{"line":37,"column":35}},"23":{"start":{"line":38,"column":19},"end":{"line":38,"column":55}},"24":{"start":{"line":39,"column":6},"end":{"line":39,"column":70}},"25":{"start":{"line":41,"column":6},"end":{"line":43,"column":69}}},"fnMap":{"0":{"name":"(anonymous_0)","decl":{"start":{"line":5,"column":2},"end":{"line":5,"column":3}},"loc":{"start":{"line":5,"column":23},"end":{"line":13,"column":3}},"line":5},"1":{"name":"(anonymous_1)","decl":{"start":{"line":14,"column":2},"end":{"line":14,"column":3}},"loc":{"start":{"line":14,"column":23},"end":{"line":22,"column":3}},"line":14},"2":{"name":"(anonymous_2)","decl":{"start":{"line":23,"column":2},"end":{"line":23,"column":3}},"loc":{"start":{"line":23,"column":25},"end":{"line":34,"column":3}},"line":23},"3":{"name":"(anonymous_3)","decl":{"start":{"line":35,"column":2},"end":{"line":35,"column":3}},"loc":{"start":{"line":35,"column":26},"end":{"line":45,"column":3}},"line":35}},"branchMap":{},"s":{"0":3,"1":3,"2":3,"3":0,"4":0,"5":0,"6":0,"7":0,"8":0,"9":0,"10":0,"11":0,"12":0,"13":1,"14":1,"15":1,"16":1,"17":1,"18":1,"19":1,"20":0,"21":1,"22":1,"23":1,"24":1,"25":0},"f":{"0":0,"1":0,"2":1,"3":1},"b":{},"_coverageSchema":"1a1c01bbd47fc00a2c39e90264f33305004495a9","hash":"0f1d044a36dc3a6c9fb1eb21dd13f6e7a90b3241"}
,"C:\\Users\\Johan\\Top-22v\\Assesment_BackEnd\\src\\controller\\user.controller.js": {"path":"C:\\Users\\Johan\\Top-22v\\Assesment_BackEnd\\src\\controller\\user.controller.js","statementMap":{"0":{"start":{"line":1,"column":13},"end":{"line":1,"column":43}},"1":{"start":{"line":2,"column":15},"end":{"line":2,"column":32}},"2":{"start":{"line":3,"column":12},"end":{"line":3,"column":35}},"3":{"start":{"line":5,"column":0},"end":{"line":43,"column":2}},"4":{"start":{"line":7,"column":4},"end":{"line":21,"column":5}},"5":{"start":{"line":8,"column":34},"end":{"line":8,"column":42}},"6":{"start":{"line":9,"column":26},"end":{"line":9,"column":56}},"7":{"start":{"line":10,"column":19},"end":{"line":13,"column":8}},"8":{"start":{"line":15,"column":20},"end":{"line":17,"column":8}},"9":{"start":{"line":18,"column":6},"end":{"line":18,"column":38}},"10":{"start":{"line":20,"column":6},"end":{"line":20,"column":72}},"11":{"start":{"line":25,"column":4},"end":{"line":41,"column":5}},"12":{"start":{"line":26,"column":34},"end":{"line":26,"column":42}},"13":{"start":{"line":27,"column":19},"end":{"line":27,"column":48}},"14":{"start":{"line":28,"column":6},"end":{"line":30,"column":7}},"15":{"start":{"line":29,"column":8},"end":{"line":29,"column":54}},"16":{"start":{"line":31,"column":22},"end":{"line":31,"column":67}},"17":{"start":{"line":32,"column":6},"end":{"line":34,"column":7}},"18":{"start":{"line":33,"column":8},"end":{"line":33,"column":56}},"19":{"start":{"line":35,"column":20},"end":{"line":37,"column":8}},"20":{"start":{"line":38,"column":6},"end":{"line":38,"column":38}},"21":{"start":{"line":40,"column":6},"end":{"line":40,"column":79}}},"fnMap":{"0":{"name":"(anonymous_0)","decl":{"start":{"line":6,"column":2},"end":{"line":6,"column":3}},"loc":{"start":{"line":6,"column":27},"end":{"line":22,"column":3}},"line":6},"1":{"name":"(anonymous_1)","decl":{"start":{"line":24,"column":2},"end":{"line":24,"column":3}},"loc":{"start":{"line":24,"column":24},"end":{"line":42,"column":3}},"line":24}},"branchMap":{"0":{"loc":{"start":{"line":28,"column":6},"end":{"line":30,"column":7}},"type":"if","locations":[{"start":{"line":28,"column":6},"end":{"line":30,"column":7}},{"start":{},"end":{}}],"line":28},"1":{"loc":{"start":{"line":32,"column":6},"end":{"line":34,"column":7}},"type":"if","locations":[{"start":{"line":32,"column":6},"end":{"line":34,"column":7}},{"start":{},"end":{}}],"line":32}},"s":{"0":3,"1":3,"2":3,"3":3,"4":6,"5":6,"6":6,"7":6,"8":3,"9":3,"10":3,"11":3,"12":3,"13":3,"14":3,"15":1,"16":2,"17":2,"18":1,"19":1,"20":1,"21":2},"f":{"0":6,"1":3},"b":{"0":[1,2],"1":[1,1]},"_coverageSchema":"1a1c01bbd47fc00a2c39e90264f33305004495a9","hash":"2fa7f9df29afb69068956a80d5320323615d8069"}
,"C:\\Users\\Johan\\Top-22v\\Assesment_BackEnd\\src\\model\\fav.model.js": {"path":"C:\\Users\\Johan\\Top-22v\\Assesment_BackEnd\\src\\model\\fav.model.js","statementMap":{"0":{"start":{"line":1,"column":34},"end":{"line":1,"column":53}},"1":{"start":{"line":3,"column":18},"end":{"line":21,"column":2}},"2":{"start":{"line":23,"column":12},"end":{"line":23,"column":35}},"3":{"start":{"line":25,"column":0},"end":{"line":25,"column":21}}},"fnMap":{},"branchMap":{},"s":{"0":3,"1":3,"2":3,"3":3},"f":{},"b":{},"_coverageSchema":"1a1c01bbd47fc00a2c39e90264f33305004495a9","hash":"88aaa2a60dc5d851fe5fb9bc2b80c3e6bf9c535e"}
,"C:\\Users\\Johan\\Top-22v\\Assesment_BackEnd\\src\\model\\list.model.js": {"path":"C:\\Users\\Johan\\Top-22v\\Assesment_BackEnd\\src\\model\\list.model.js","statementMap":{"0":{"start":{"line":1,"column":34},"end":{"line":1,"column":53}},"1":{"start":{"line":3,"column":19},"end":{"line":21,"column":2}},"2":{"start":{"line":23,"column":13},"end":{"line":23,"column":38}},"3":{"start":{"line":25,"column":0},"end":{"line":25,"column":22}}},"fnMap":{},"branchMap":{},"s":{"0":3,"1":3,"2":3,"3":3},"f":{},"b":{},"_coverageSchema":"1a1c01bbd47fc00a2c39e90264f33305004495a9","hash":"10288aedc60867f2c75072e9096220b523e8bd83"}
,"C:\\Users\\Johan\\Top-22v\\Assesment_BackEnd\\src\\model\\user.model.js": {"path":"C:\\Users\\Johan\\Top-22v\\Assesment_BackEnd\\src\\model\\user.model.js","statementMap":{"0":{"start":{"line":1,"column":34},"end":{"line":1,"column":53}},"1":{"start":{"line":2,"column":19},"end":{"line":2,"column":53}},"2":{"start":{"line":4,"column":19},"end":{"line":30,"column":1}},"3":{"start":{"line":13,"column":12},"end":{"line":15,"column":34}},"4":{"start":{"line":14,"column":30},"end":{"line":14,"column":35}},"5":{"start":{"line":15,"column":27},"end":{"line":15,"column":32}},"6":{"start":{"line":32,"column":13},"end":{"line":32,"column":38}},"7":{"start":{"line":34,"column":0},"end":{"line":34,"column":22}}},"fnMap":{"0":{"name":"(anonymous_0)","decl":{"start":{"line":12,"column":10},"end":{"line":12,"column":11}},"loc":{"start":{"line":12,"column":27},"end":{"line":16,"column":11}},"line":12},"1":{"name":"(anonymous_1)","decl":{"start":{"line":14,"column":20},"end":{"line":14,"column":21}},"loc":{"start":{"line":14,"column":30},"end":{"line":14,"column":35}},"line":14},"2":{"name":"(anonymous_2)","decl":{"start":{"line":15,"column":21},"end":{"line":15,"column":22}},"loc":{"start":{"line":15,"column":27},"end":{"line":15,"column":32}},"line":15}},"branchMap":{},"s":{"0":3,"1":3,"2":3,"3":11,"4":11,"5":0,"6":3,"7":3},"f":{"0":11,"1":11,"2":0},"b":{},"_coverageSchema":"1a1c01bbd47fc00a2c39e90264f33305004495a9","hash":"5a203f870342368cc16350330565be601e5c0727"}
,"C:\\Users\\Johan\\Top-22v\\Assesment_BackEnd\\src\\routes\\fav.js": {"path":"C:\\Users\\Johan\\Top-22v\\Assesment_BackEnd\\src\\routes\\fav.js","statementMap":{"0":{"start":{"line":1,"column":15},"end":{"line":1,"column":42}},"1":{"start":{"line":2,"column":22},"end":{"line":2,"column":61}},"2":{"start":{"line":3,"column":28},"end":{"line":3,"column":52}},"3":{"start":{"line":5,"column":0},"end":{"line":5,"column":69}},"4":{"start":{"line":7,"column":0},"end":{"line":7,"column":24}}},"fnMap":{},"branchMap":{},"s":{"0":3,"1":3,"2":3,"3":3,"4":3},"f":{},"b":{},"_coverageSchema":"1a1c01bbd47fc00a2c39e90264f33305004495a9","hash":"bce0f8e32c808920c6e3cd0a6ae54e782079f8c1"}
,"C:\\Users\\Johan\\Top-22v\\Assesment_BackEnd\\src\\routes\\list.js": {"path":"C:\\Users\\Johan\\Top-22v\\Assesment_BackEnd\\src\\routes\\list.js","statementMap":{"0":{"start":{"line":1,"column":15},"end":{"line":1,"column":42}},"1":{"start":{"line":2,"column":23},"end":{"line":2,"column":63}},"2":{"start":{"line":3,"column":28},"end":{"line":3,"column":52}},"3":{"start":{"line":5,"column":0},"end":{"line":5,"column":60}},"4":{"start":{"line":6,"column":0},"end":{"line":6,"column":67}},"5":{"start":{"line":7,"column":0},"end":{"line":7,"column":63}},"6":{"start":{"line":8,"column":0},"end":{"line":8,"column":73}},"7":{"start":{"line":10,"column":0},"end":{"line":10,"column":24}}},"fnMap":{},"branchMap":{},"s":{"0":3,"1":3,"2":3,"3":3,"4":3,"5":3,"6":3,"7":3},"f":{},"b":{},"_coverageSchema":"1a1c01bbd47fc00a2c39e90264f33305004495a9","hash":"9493178ec0d1415f38260b3298f7aa0a88119eb7"}
,"C:\\Users\\Johan\\Top-22v\\Assesment_BackEnd\\src\\routes\\user.js": {"path":"C:\\Users\\Johan\\Top-22v\\Assesment_BackEnd\\src\\routes\\user.js","statementMap":{"0":{"start":{"line":1,"column":15},"end":{"line":1,"column":42}},"1":{"start":{"line":2,"column":18},"end":{"line":2,"column":52}},"2":{"start":{"line":3,"column":23},"end":{"line":3,"column":63}},"3":{"start":{"line":5,"column":0},"end":{"line":5,"column":56}},"4":{"start":{"line":6,"column":0},"end":{"line":6,"column":50}},"5":{"start":{"line":8,"column":0},"end":{"line":8,"column":24}}},"fnMap":{},"branchMap":{},"s":{"0":3,"1":3,"2":3,"3":3,"4":3,"5":3},"f":{},"b":{},"_coverageSchema":"1a1c01bbd47fc00a2c39e90264f33305004495a9","hash":"4f224123815474d899fbae5c3318b4b5eb40b628"}
,"C:\\Users\\Johan\\Top-22v\\Assesment_BackEnd\\src\\utils\\auth.js": {"path":"C:\\Users\\Johan\\Top-22v\\Assesment_BackEnd\\src\\utils\\auth.js","statementMap":{"0":{"start":{"line":1,"column":12},"end":{"line":1,"column":35}},"1":{"start":{"line":3,"column":0},"end":{"line":25,"column":2}},"2":{"start":{"line":4,"column":2},"end":{"line":24,"column":3}},"3":{"start":{"line":5,"column":30},"end":{"line":5,"column":41}},"4":{"start":{"line":7,"column":4},"end":{"line":9,"column":5}},"5":{"start":{"line":8,"column":6},"end":{"line":8,"column":41}},"6":{"start":{"line":11,"column":23},"end":{"line":11,"column":47}},"7":{"start":{"line":13,"column":4},"end":{"line":15,"column":5}},"8":{"start":{"line":14,"column":6},"end":{"line":14,"column":43}},"9":{"start":{"line":17,"column":19},"end":{"line":17,"column":53}},"10":{"start":{"line":19,"column":4},"end":{"line":19,"column":18}},"11":{"start":{"line":21,"column":4},"end":{"line":21,"column":11}},"12":{"start":{"line":23,"column":4},"end":{"line":23,"column":51}}},"fnMap":{"0":{"name":"(anonymous_0)","decl":{"start":{"line":3,"column":26},"end":{"line":3,"column":27}},"loc":{"start":{"line":3,"column":46},"end":{"line":25,"column":1}},"line":3}},"branchMap":{"0":{"loc":{"start":{"line":7,"column":4},"end":{"line":9,"column":5}},"type":"if","locations":[{"start":{"line":7,"column":4},"end":{"line":9,"column":5}},{"start":{},"end":{}}],"line":7},"1":{"loc":{"start":{"line":13,"column":4},"end":{"line":15,"column":5}},"type":"if","locations":[{"start":{"line":13,"column":4},"end":{"line":15,"column":5}},{"start":{},"end":{}}],"line":13}},"s":{"0":3,"1":3,"2":6,"3":6,"4":6,"5":1,"6":5,"7":5,"8":1,"9":4,"10":3,"11":3,"12":3},"f":{"0":6},"b":{"0":[1,5],"1":[1,4]},"_coverageSchema":"1a1c01bbd47fc00a2c39e90264f33305004495a9","hash":"f252b2c2c6d5ead3b3624f4081faff93de239aa3"}
}
