TN:
SF:src\app.js
FNF:0
FNH:0
DA:1,3
DA:2,3
DA:3,3
DA:4,3
DA:5,3
DA:6,3
DA:7,3
DA:9,3
DA:11,3
DA:12,3
DA:13,3
DA:15,3
DA:16,3
DA:17,3
DA:19,3
LF:15
LH:15
BRF:0
BRH:0
end_of_record
TN:
SF:src\db.js
FN:5,(anonymous_0)
FN:17,(anonymous_1)
FN:20,(anonymous_2)
FN:21,(anonymous_3)
FN:26,disconnected
FN:32,cleanup
FNF:6
FNH:5
FNDA:3,(anonymous_0)
FNDA:3,(anonymous_1)
FNDA:3,(anonymous_2)
FNDA:0,(anonymous_3)
FNDA:3,disconnected
FNDA:13,cleanup
DA:1,3
DA:5,3
DA:6,3
DA:8,3
DA:10,3
DA:15,3
DA:17,3
DA:18,3
DA:20,3
DA:21,3
DA:23,3
DA:27,3
DA:29,3
DA:33,13
DA:34,39
DA:38,3
LF:16
LH:16
BRDA:6,0,0,0
BRDA:6,0,1,3
BRDA:27,1,0,0
BRDA:27,1,1,3
BRF:4
BRH:2
end_of_record
TN:
SF:src\controller\fav.controller.js
FN:5,(anonymous_0)
FNF:1
FNH:1
FNDA:1,(anonymous_0)
DA:1,3
DA:2,3
DA:4,3
DA:6,1
DA:7,1
DA:8,1
DA:9,1
DA:10,0
DA:12,1
DA:13,1
DA:14,1
DA:15,1
DA:17,0
LF:13
LH:11
BRDA:9,0,0,0
BRDA:9,0,1,1
BRF:2
BRH:1
end_of_record
TN:
SF:src\controller\list.controller.js
FN:5,(anonymous_0)
FN:14,(anonymous_1)
FN:23,(anonymous_2)
FN:35,(anonymous_3)
FNF:4
FNH:2
FNDA:0,(anonymous_0)
FNDA:0,(anonymous_1)
FNDA:1,(anonymous_2)
FNDA:1,(anonymous_3)
DA:1,3
DA:2,3
DA:4,3
DA:6,0
DA:7,0
DA:8,0
DA:9,0
DA:11,0
DA:15,0
DA:16,0
DA:17,0
DA:18,0
DA:20,0
DA:24,1
DA:25,1
DA:26,1
DA:27,1
DA:28,1
DA:29,1
DA:30,1
DA:32,0
DA:36,1
DA:37,1
DA:38,1
DA:39,1
DA:41,0
LF:26
LH:14
BRF:0
BRH:0
end_of_record
TN:
SF:src\controller\user.controller.js
FN:6,(anonymous_0)
FN:24,(anonymous_1)
FNF:2
FNH:2
FNDA:6,(anonymous_0)
FNDA:3,(anonymous_1)
DA:1,3
DA:2,3
DA:3,3
DA:5,3
DA:7,6
DA:8,6
DA:9,6
DA:10,6
DA:15,3
DA:18,3
DA:20,3
DA:25,3
DA:26,3
DA:27,3
DA:28,3
DA:29,1
DA:31,2
DA:32,2
DA:33,1
DA:35,1
DA:38,1
DA:40,2
LF:22
LH:22
BRDA:28,0,0,1
BRDA:28,0,1,2
BRDA:32,1,0,1
BRDA:32,1,1,1
BRF:4
BRH:4
end_of_record
TN:
SF:src\model\fav.model.js
FNF:0
FNH:0
DA:1,3
DA:3,3
DA:23,3
DA:25,3
LF:4
LH:4
BRF:0
BRH:0
end_of_record
TN:
SF:src\model\list.model.js
FNF:0
FNH:0
DA:1,3
DA:3,3
DA:23,3
DA:25,3
LF:4
LH:4
BRF:0
BRH:0
end_of_record
TN:
SF:src\model\user.model.js
FN:12,(anonymous_0)
FN:14,(anonymous_1)
FN:15,(anonymous_2)
FNF:3
FNH:2
FNDA:11,(anonymous_0)
FNDA:11,(anonymous_1)
FNDA:0,(anonymous_2)
DA:1,3
DA:2,3
DA:4,3
DA:13,11
DA:14,11
DA:15,0
DA:32,3
DA:34,3
LF:8
LH:7
BRF:0
BRH:0
end_of_record
TN:
SF:src\routes\fav.js
FNF:0
FNH:0
DA:1,3
DA:2,3
DA:3,3
DA:5,3
DA:7,3
LF:5
LH:5
BRF:0
BRH:0
end_of_record
TN:
SF:src\routes\list.js
FNF:0
FNH:0
DA:1,3
DA:2,3
DA:3,3
DA:5,3
DA:6,3
DA:7,3
DA:8,3
DA:10,3
LF:8
LH:8
BRF:0
BRH:0
end_of_record
TN:
SF:src\routes\user.js
FNF:0
FNH:0
DA:1,3
DA:2,3
DA:3,3
DA:5,3
DA:6,3
DA:8,3
LF:6
LH:6
BRF:0
BRH:0
end_of_record
TN:
SF:src\utils\auth.js
FN:3,(anonymous_0)
FNF:1
FNH:1
FNDA:6,(anonymous_0)
DA:1,3
DA:3,3
DA:4,6
DA:5,6
DA:7,6
DA:8,1
DA:11,5
DA:13,5
DA:14,1
DA:17,4
DA:19,3
DA:21,3
DA:23,3
LF:13
LH:13
BRDA:7,0,0,1
BRDA:7,0,1,5
BRDA:13,1,0,1
BRDA:13,1,1,4
BRF:4
BRH:4
end_of_record
